*** Starting uWSGI 2.0.19.1 (64bit) on [Tue Dec 29 21:24:16 2020] ***
compiled with version: 4.8.5 20150623 (Red Hat 4.8.5-39) on 27 December 2020 13:01:12
os: Linux-3.10.0-1127.el7.x86_64 #1 SMP Tue Mar 31 23:36:51 UTC 2020
nodename: localhost.localdomain
machine: x86_64
clock source: unix
pcre jit disabled
detected number of CPU cores: 2
current working directory: /data/practice/centos/djangoDemo
writing pidfile to uwsgi.pid
detected binary path: /usr/local/bin/uwsgi
uWSGI running as root, you can use --uid/--gid/--chroot options
*** WARNING: you are running uWSGI as root !!! (use the --uid flag) *** 
chdir() to /data/practice/centos/djangoDemo
your processes number limit is 7146
your memory page size is 4096 bytes
detected max file descriptor number: 1024
!!! no /etc/mime.types file found !!!
lock engine: pthread robust mutexes
thunder lock: disabled (you can enable it with --thunder-lock)
uWSGI http bound on 192.168.253.135:8000 fd 4
uwsgi socket 0 bound to TCP address 127.0.0.1:42944 (port auto-assigned) fd 3
uWSGI running as root, you can use --uid/--gid/--chroot options
*** WARNING: you are running uWSGI as root !!! (use the --uid flag) *** 
Python version: 3.8.6 (default, Oct 25 2020, 14:24:03)  [GCC 4.8.5 20150623 (Red Hat 4.8.5-39)]
Python main interpreter initialized at 0x2a33ea0
uWSGI running as root, you can use --uid/--gid/--chroot options
*** WARNING: you are running uWSGI as root !!! (use the --uid flag) *** 
python threads support enabled
your server socket listen backlog is limited to 100 connections
your mercy for graceful operations on workers is 60 seconds
mapped 166752 bytes (162 KB) for 2 cores
*** Operational MODE: threaded ***
WSGI app 0 (mountpoint='') ready in 0 seconds on interpreter 0x2a33ea0 pid: 25994 (default app)
uWSGI running as root, you can use --uid/--gid/--chroot options
*** WARNING: you are running uWSGI as root !!! (use the --uid flag) *** 
*** uWSGI is running in multiple interpreter mode ***
spawned uWSGI master process (pid: 25994)
spawned uWSGI worker 1 (pid: 25996, cores: 2)
spawned uWSGI http 1 (pid: 25998)
[pid: 25996|app: 0|req: 1/1] 192.168.253.1 () {42 vars in 922 bytes} [Tue Dec 29 21:24:27 2020] GET /admin/ => generated 3266 bytes in 203 msecs (HTTP/1.1 200) 8 headers in 293 bytes (1 switches on core 0)
[pid: 25996|app: 0|req: 2/2] 192.168.253.1 () {42 vars in 922 bytes} [Tue Dec 29 21:24:28 2020] GET /admin/ => generated 3266 bytes in 261 msecs (HTTP/1.1 200) 8 headers in 293 bytes (1 switches on core 1)
[pid: 25996|app: 0|req: 3/3] 192.168.253.1 () {42 vars in 922 bytes} [Tue Dec 29 21:24:29 2020] GET /admin/ => generated 3266 bytes in 44 msecs (HTTP/1.1 200) 8 headers in 293 bytes (1 switches on core 0)
[pid: 25996|app: 0|req: 4/4] 192.168.253.1 () {42 vars in 922 bytes} [Tue Dec 29 21:24:30 2020] GET /admin/ => generated 3266 bytes in 46 msecs (HTTP/1.1 200) 8 headers in 293 bytes (1 switches on core 1)
[pid: 25996|app: 0|req: 5/5] 192.168.253.1 () {42 vars in 922 bytes} [Tue Dec 29 21:24:30 2020] GET /admin/ => generated 3266 bytes in 45 msecs (HTTP/1.1 200) 8 headers in 293 bytes (1 switches on core 0)
[pid: 25996|app: 0|req: 6/6] 192.168.253.1 () {42 vars in 922 bytes} [Tue Dec 29 21:24:30 2020] GET /admin/ => generated 3266 bytes in 63 msecs (HTTP/1.1 200) 8 headers in 293 bytes (1 switches on core 1)
[pid: 25996|app: 0|req: 7/7] 192.168.253.1 () {42 vars in 922 bytes} [Tue Dec 29 21:25:39 2020] GET /admin/ => generated 3266 bytes in 62 msecs (HTTP/1.1 200) 8 headers in 293 bytes (1 switches on core 0)
[pid: 25996|app: 0|req: 8/8] 192.168.253.1 () {42 vars in 922 bytes} [Tue Dec 29 21:25:40 2020] GET /admin/ => generated 3266 bytes in 79 msecs (HTTP/1.1 200) 8 headers in 293 bytes (1 switches on core 1)
[pid: 25996|app: 0|req: 9/9] 192.168.253.1 () {42 vars in 922 bytes} [Tue Dec 29 21:25:41 2020] GET /admin/ => generated 3266 bytes in 109 msecs (HTTP/1.1 200) 8 headers in 293 bytes (1 switches on core 0)
[pid: 25996|app: 0|req: 10/10] 192.168.253.1 () {42 vars in 922 bytes} [Tue Dec 29 21:25:42 2020] GET /admin/ => generated 3266 bytes in 76 msecs (HTTP/1.1 200) 8 headers in 293 bytes (1 switches on core 1)
[pid: 25996|app: 0|req: 11/11] 192.168.253.1 () {42 vars in 922 bytes} [Tue Dec 29 21:25:42 2020] GET /admin/ => generated 3266 bytes in 45 msecs (HTTP/1.1 200) 8 headers in 293 bytes (1 switches on core 0)
[pid: 25996|app: 0|req: 12/12] 192.168.253.1 () {42 vars in 922 bytes} [Tue Dec 29 21:25:43 2020] GET /admin/ => generated 3266 bytes in 40 msecs (HTTP/1.1 200) 8 headers in 293 bytes (1 switches on core 1)
[pid: 25996|app: 0|req: 13/13] 192.168.253.1 () {42 vars in 922 bytes} [Tue Dec 29 21:25:43 2020] GET /admin/ => generated 3266 bytes in 42 msecs (HTTP/1.1 200) 8 headers in 293 bytes (1 switches on core 0)
[pid: 25996|app: 0|req: 14/14] 192.168.253.1 () {42 vars in 922 bytes} [Tue Dec 29 21:25:43 2020] GET /admin/ => generated 3266 bytes in 58 msecs (HTTP/1.1 200) 8 headers in 293 bytes (1 switches on core 1)
[pid: 25996|app: 0|req: 15/15] 192.168.253.1 () {42 vars in 922 bytes} [Tue Dec 29 21:25:43 2020] GET /admin/ => generated 3266 bytes in 46 msecs (HTTP/1.1 200) 8 headers in 293 bytes (1 switches on core 0)
[pid: 25996|app: 0|req: 16/16] 192.168.253.1 () {42 vars in 922 bytes} [Tue Dec 29 21:25:44 2020] GET /admin/ => generated 3266 bytes in 55 msecs (HTTP/1.1 200) 8 headers in 293 bytes (1 switches on core 1)
[pid: 25996|app: 0|req: 17/17] 192.168.253.1 () {42 vars in 922 bytes} [Tue Dec 29 21:25:44 2020] GET /admin/ => generated 3266 bytes in 53 msecs (HTTP/1.1 200) 8 headers in 293 bytes (1 switches on core 0)
[pid: 25996|app: 0|req: 18/18] 192.168.253.1 () {42 vars in 922 bytes} [Tue Dec 29 21:25:44 2020] GET /admin/ => generated 3266 bytes in 145 msecs (HTTP/1.1 200) 8 headers in 293 bytes (1 switches on core 1)
[pid: 25996|app: 0|req: 19/19] 192.168.253.1 () {42 vars in 922 bytes} [Tue Dec 29 21:25:45 2020] GET /admin/ => generated 3266 bytes in 63 msecs (HTTP/1.1 200) 8 headers in 293 bytes (1 switches on core 0)
[pid: 25996|app: 0|req: 20/20] 192.168.253.1 () {42 vars in 920 bytes} [Tue Dec 29 21:25:45 2020] GET /admin/ => generated 3266 bytes in 80 msecs (HTTP/1.1 200) 8 headers in 293 bytes (1 switches on core 1)
[pid: 25996|app: 0|req: 21/21] 192.168.253.1 () {42 vars in 920 bytes} [Tue Dec 29 21:25:45 2020] GET /admin/ => generated 3266 bytes in 61 msecs (HTTP/1.1 200) 8 headers in 293 bytes (1 switches on core 0)
[pid: 25996|app: 0|req: 22/22] 192.168.253.1 () {42 vars in 921 bytes} [Tue Dec 29 21:25:45 2020] GET /admin/ => generated 3266 bytes in 44 msecs (HTTP/1.1 200) 8 headers in 293 bytes (1 switches on core 1)
[pid: 25996|app: 0|req: 23/23] 192.168.253.1 () {42 vars in 921 bytes} [Tue Dec 29 21:25:46 2020] GET /admin/ => generated 3266 bytes in 42 msecs (HTTP/1.1 200) 8 headers in 293 bytes (1 switches on core 0)
[pid: 25996|app: 0|req: 24/24] 192.168.253.1 () {42 vars in 921 bytes} [Tue Dec 29 21:25:46 2020] GET /admin/ => generated 3266 bytes in 39 msecs (HTTP/1.1 200) 8 headers in 293 bytes (1 switches on core 1)
*** Starting uWSGI 2.0.19.1 (64bit) on [Tue Dec 29 21:29:26 2020] ***
compiled with version: 4.8.5 20150623 (Red Hat 4.8.5-39) on 27 December 2020 13:01:12
os: Linux-3.10.0-1127.el7.x86_64 #1 SMP Tue Mar 31 23:36:51 UTC 2020
nodename: localhost.localdomain
machine: x86_64
clock source: unix
pcre jit disabled
detected number of CPU cores: 2
current working directory: /data/practice/centos/djangoDemo
writing pidfile to uwsgi.pid
detected binary path: /usr/local/bin/uwsgi
uWSGI running as root, you can use --uid/--gid/--chroot options
*** WARNING: you are running uWSGI as root !!! (use the --uid flag) *** 
chdir() to /data/practice/centos/djangoDemo
your processes number limit is 7146
your memory page size is 4096 bytes
detected max file descriptor number: 1024
!!! no /etc/mime.types file found !!!
lock engine: pthread robust mutexes
thunder lock: disabled (you can enable it with --thunder-lock)
uWSGI http bound on 192.168.253.135:8000 fd 4
uwsgi socket 0 bound to TCP address 127.0.0.1:34165 (port auto-assigned) fd 3
uWSGI running as root, you can use --uid/--gid/--chroot options
*** WARNING: you are running uWSGI as root !!! (use the --uid flag) *** 
Python version: 3.8.6 (default, Oct 25 2020, 14:24:03)  [GCC 4.8.5 20150623 (Red Hat 4.8.5-39)]
Python main interpreter initialized at 0x2293ea0
uWSGI running as root, you can use --uid/--gid/--chroot options
*** WARNING: you are running uWSGI as root !!! (use the --uid flag) *** 
python threads support enabled
your server socket listen backlog is limited to 100 connections
your mercy for graceful operations on workers is 60 seconds
mapped 166752 bytes (162 KB) for 2 cores
*** Operational MODE: threaded ***
WSGI app 0 (mountpoint='') ready in 1 seconds on interpreter 0x2293ea0 pid: 26069 (default app)
uWSGI running as root, you can use --uid/--gid/--chroot options
*** WARNING: you are running uWSGI as root !!! (use the --uid flag) *** 
*** uWSGI is running in multiple interpreter mode ***
spawned uWSGI master process (pid: 26069)
spawned uWSGI worker 1 (pid: 26071, cores: 2)
spawned uWSGI http 1 (pid: 26072)
*** Starting uWSGI 2.0.19.1 (64bit) on [Tue Dec 29 21:30:25 2020] ***
compiled with version: 4.8.5 20150623 (Red Hat 4.8.5-39) on 27 December 2020 13:01:12
os: Linux-3.10.0-1127.el7.x86_64 #1 SMP Tue Mar 31 23:36:51 UTC 2020
nodename: localhost.localdomain
machine: x86_64
clock source: unix
pcre jit disabled
detected number of CPU cores: 2
current working directory: /data/practice/centos/djangoDemo
writing pidfile to uwsgi.pid
detected binary path: /usr/local/bin/uwsgi
uWSGI running as root, you can use --uid/--gid/--chroot options
*** WARNING: you are running uWSGI as root !!! (use the --uid flag) *** 
chdir() to /data/practice/centos/djangoDemo
your processes number limit is 7146
your memory page size is 4096 bytes
detected max file descriptor number: 1024
!!! no /etc/mime.types file found !!!
lock engine: pthread robust mutexes
thunder lock: disabled (you can enable it with --thunder-lock)
uWSGI http bound on 192.168.253.135:8000 fd 4
uwsgi socket 0 bound to TCP address 127.0.0.1:41249 (port auto-assigned) fd 3
uWSGI running as root, you can use --uid/--gid/--chroot options
*** WARNING: you are running uWSGI as root !!! (use the --uid flag) *** 
Python version: 3.8.6 (default, Oct 25 2020, 14:24:03)  [GCC 4.8.5 20150623 (Red Hat 4.8.5-39)]
Python main interpreter initialized at 0x23d4ea0
uWSGI running as root, you can use --uid/--gid/--chroot options
*** WARNING: you are running uWSGI as root !!! (use the --uid flag) *** 
python threads support enabled
your server socket listen backlog is limited to 100 connections
your mercy for graceful operations on workers is 60 seconds
mapped 208576 bytes (203 KB) for 4 cores
*** Operational MODE: threaded ***
WSGI app 0 (mountpoint='') ready in 0 seconds on interpreter 0x23d4ea0 pid: 26131 (default app)
uWSGI running as root, you can use --uid/--gid/--chroot options
*** WARNING: you are running uWSGI as root !!! (use the --uid flag) *** 
*** uWSGI is running in multiple interpreter mode ***
spawned uWSGI master process (pid: 26131)
spawned uWSGI worker 1 (pid: 26133, cores: 4)
spawned uWSGI http 1 (pid: 26134)
*** Starting uWSGI 2.0.19.1 (64bit) on [Tue Dec 29 21:37:18 2020] ***
compiled with version: 4.8.5 20150623 (Red Hat 4.8.5-39) on 27 December 2020 13:01:12
os: Linux-3.10.0-1127.el7.x86_64 #1 SMP Tue Mar 31 23:36:51 UTC 2020
nodename: localhost.localdomain
machine: x86_64
clock source: unix
pcre jit disabled
detected number of CPU cores: 2
current working directory: /data/practice/centos/djangoDemo
writing pidfile to uwsgi.pid
detected binary path: /usr/local/bin/uwsgi
uWSGI running as root, you can use --uid/--gid/--chroot options
*** WARNING: you are running uWSGI as root !!! (use the --uid flag) *** 
chdir() to /data/practice/centos/djangoDemo
your processes number limit is 7146
your memory page size is 4096 bytes
detected max file descriptor number: 1024
!!! no /etc/mime.types file found !!!
lock engine: pthread robust mutexes
thunder lock: disabled (you can enable it with --thunder-lock)
uWSGI http bound on 192.168.253.135:8000 fd 4
uwsgi socket 0 bound to TCP address 127.0.0.1:43386 (port auto-assigned) fd 3
uWSGI running as root, you can use --uid/--gid/--chroot options
*** WARNING: you are running uWSGI as root !!! (use the --uid flag) *** 
Python version: 3.8.6 (default, Oct 25 2020, 14:24:03)  [GCC 4.8.5 20150623 (Red Hat 4.8.5-39)]
Python main interpreter initialized at 0x16d0ea0
uWSGI running as root, you can use --uid/--gid/--chroot options
*** WARNING: you are running uWSGI as root !!! (use the --uid flag) *** 
python threads support enabled
your server socket listen backlog is limited to 100 connections
your mercy for graceful operations on workers is 60 seconds
mapped 166752 bytes (162 KB) for 2 cores
*** Operational MODE: threaded ***
WSGI app 0 (mountpoint='') ready in 1 seconds on interpreter 0x16d0ea0 pid: 26252 (default app)
uWSGI running as root, you can use --uid/--gid/--chroot options
*** WARNING: you are running uWSGI as root !!! (use the --uid flag) *** 
*** uWSGI is running in multiple interpreter mode ***
spawned uWSGI master process (pid: 26252)
spawned uWSGI worker 1 (pid: 26254, cores: 2)
spawned uWSGI http 1 (pid: 26256)
*** Starting uWSGI 2.0.19.1 (64bit) on [Tue Dec 29 21:39:06 2020] ***
compiled with version: 4.8.5 20150623 (Red Hat 4.8.5-39) on 27 December 2020 13:01:12
os: Linux-3.10.0-1127.el7.x86_64 #1 SMP Tue Mar 31 23:36:51 UTC 2020
nodename: localhost.localdomain
machine: x86_64
clock source: unix
pcre jit disabled
detected number of CPU cores: 2
current working directory: /data/practice/centos/djangoDemo
writing pidfile to uwsgi.pid
detected binary path: /usr/local/bin/uwsgi
uWSGI running as root, you can use --uid/--gid/--chroot options
*** WARNING: you are running uWSGI as root !!! (use the --uid flag) *** 
chdir() to /data/practice/centos/djangoDemo
your processes number limit is 7146
your memory page size is 4096 bytes
detected max file descriptor number: 1024
!!! no /etc/mime.types file found !!!
lock engine: pthread robust mutexes
thunder lock: disabled (you can enable it with --thunder-lock)
uWSGI http bound on 192.168.253.135:8000 fd 4
uwsgi socket 0 bound to TCP address 127.0.0.1:40302 (port auto-assigned) fd 3
uWSGI running as root, you can use --uid/--gid/--chroot options
*** WARNING: you are running uWSGI as root !!! (use the --uid flag) *** 
Python version: 3.8.6 (default, Oct 25 2020, 14:24:03)  [GCC 4.8.5 20150623 (Red Hat 4.8.5-39)]
Python main interpreter initialized at 0xc5fea0
uWSGI running as root, you can use --uid/--gid/--chroot options
*** WARNING: you are running uWSGI as root !!! (use the --uid flag) *** 
python threads support enabled
your server socket listen backlog is limited to 100 connections
your mercy for graceful operations on workers is 60 seconds
mapped 750384 bytes (732 KB) for 16 cores
*** Operational MODE: preforking+threaded ***
WSGI app 0 (mountpoint='') ready in 1 seconds on interpreter 0xc5fea0 pid: 26303 (default app)
uWSGI running as root, you can use --uid/--gid/--chroot options
*** WARNING: you are running uWSGI as root !!! (use the --uid flag) *** 
*** uWSGI is running in multiple interpreter mode ***
spawned uWSGI master process (pid: 26303)
spawned uWSGI worker 1 (pid: 26305, cores: 2)
spawned uWSGI worker 2 (pid: 26306, cores: 2)
spawned uWSGI worker 3 (pid: 26308, cores: 2)
spawned uWSGI worker 4 (pid: 26311, cores: 2)
spawned uWSGI worker 5 (pid: 26313, cores: 2)
spawned uWSGI worker 6 (pid: 26315, cores: 2)
spawned uWSGI worker 7 (pid: 26317, cores: 2)
spawned uWSGI worker 8 (pid: 26319, cores: 2)
spawned uWSGI http 1 (pid: 26321)
